c:\users\tank\dropbox\projects\vs projects\pegsolitaire\pegsolitaire\debug\pegsolitaire.pch
c:\users\tank\dropbox\projects\vs projects\pegsolitaire\pegsolitaire\debug\vc120.pdb
c:\users\tank\dropbox\projects\vs projects\pegsolitaire\pegsolitaire\debug\vc120.idb
c:\users\tank\dropbox\projects\vs projects\pegsolitaire\pegsolitaire\debug\stdafx.obj
c:\users\tank\dropbox\projects\vs projects\pegsolitaire\pegsolitaire\debug\pegboard.obj
c:\users\tank\dropbox\projects\vs projects\pegsolitaire\pegsolitaire\debug\pegsolitaire.obj
c:\users\tank\dropbox\projects\vs projects\pegsolitaire\pegsolitaire\debug\pegsolitairegame.obj
c:\users\tank\dropbox\projects\vs projects\pegsolitaire\pegsolitaire\debug\tkfilehandler.obj
c:\users\tank\dropbox\projects\vs projects\pegsolitaire\pegsolitaire\debug\tkpagoda.obj
c:\users\tank\dropbox\projects\vs projects\pegsolitaire\pegsolitaire\debug\tksparsematrix.obj
c:\users\tank\dropbox\projects\vs projects\pegsolitaire\debug\pegsolitaire.ilk
c:\users\tank\dropbox\projects\vs projects\pegsolitaire\debug\pegsolitaire.exe
c:\users\tank\dropbox\projects\vs projects\pegsolitaire\debug\pegsolitaire.pdb
c:\users\tank\dropbox\projects\vs projects\pegsolitaire\pegsolitaire\debug\pegsolitaire.res
c:\users\tank\dropbox\projects\vs projects\pegsolitaire\pegsolitaire\debug\pegsolitaire.tlog\cl.command.1.tlog
c:\users\tank\dropbox\projects\vs projects\pegsolitaire\pegsolitaire\debug\pegsolitaire.tlog\cl.read.1.tlog
c:\users\tank\dropbox\projects\vs projects\pegsolitaire\pegsolitaire\debug\pegsolitaire.tlog\cl.write.1.tlog
c:\users\tank\dropbox\projects\vs projects\pegsolitaire\pegsolitaire\debug\pegsolitaire.tlog\link.command.1.tlog
c:\users\tank\dropbox\projects\vs projects\pegsolitaire\pegsolitaire\debug\pegsolitaire.tlog\link.read.1.tlog
c:\users\tank\dropbox\projects\vs projects\pegsolitaire\pegsolitaire\debug\pegsolitaire.tlog\link.write.1.tlog
c:\users\tank\dropbox\projects\vs projects\pegsolitaire\pegsolitaire\debug\pegsolitaire.tlog\rc.command.1.tlog
c:\users\tank\dropbox\projects\vs projects\pegsolitaire\pegsolitaire\debug\pegsolitaire.tlog\rc.read.1.tlog
c:\users\tank\dropbox\projects\vs projects\pegsolitaire\pegsolitaire\debug\pegsolitaire.tlog\rc.write.1.tlog
