c:\users\tank\dropbox\projects\vs projects\pegsolitaire\pegsolitaire\release\pegsolitaire.pch
c:\users\tank\dropbox\projects\vs projects\pegsolitaire\pegsolitaire\release\vc120.pdb
c:\users\tank\dropbox\projects\vs projects\pegsolitaire\pegsolitaire\release\stdafx.obj
c:\users\tank\dropbox\projects\vs projects\pegsolitaire\pegsolitaire\release\tksparsematrix.obj
c:\users\tank\dropbox\projects\vs projects\pegsolitaire\pegsolitaire\release\tkpagoda.obj
c:\users\tank\dropbox\projects\vs projects\pegsolitaire\pegsolitaire\release\tkfilehandler.obj
c:\users\tank\dropbox\projects\vs projects\pegsolitaire\pegsolitaire\release\pegsolitairegame.obj
c:\users\tank\dropbox\projects\vs projects\pegsolitaire\pegsolitaire\release\pegsolitaire.obj
c:\users\tank\dropbox\projects\vs projects\pegsolitaire\pegsolitaire\release\pegboard.obj
c:\users\tank\dropbox\projects\vs projects\pegsolitaire\release\pegsolitaire.exe
c:\users\tank\dropbox\projects\vs projects\pegsolitaire\release\pegsolitaire.pdb
c:\users\tank\dropbox\projects\vs projects\pegsolitaire\pegsolitaire\release\pegsolitaire.res
c:\users\tank\dropbox\projects\vs projects\pegsolitaire\pegsolitaire\release\pegsolitaire.tlog\cl.command.1.tlog
c:\users\tank\dropbox\projects\vs projects\pegsolitaire\pegsolitaire\release\pegsolitaire.tlog\cl.read.1.tlog
c:\users\tank\dropbox\projects\vs projects\pegsolitaire\pegsolitaire\release\pegsolitaire.tlog\cl.write.1.tlog
c:\users\tank\dropbox\projects\vs projects\pegsolitaire\pegsolitaire\release\pegsolitaire.tlog\link.command.1.tlog
c:\users\tank\dropbox\projects\vs projects\pegsolitaire\pegsolitaire\release\pegsolitaire.tlog\link.read.1.tlog
c:\users\tank\dropbox\projects\vs projects\pegsolitaire\pegsolitaire\release\pegsolitaire.tlog\link.write.1.tlog
c:\users\tank\dropbox\projects\vs projects\pegsolitaire\pegsolitaire\release\pegsolitaire.tlog\rc.command.1.tlog
c:\users\tank\dropbox\projects\vs projects\pegsolitaire\pegsolitaire\release\pegsolitaire.tlog\rc.read.1.tlog
c:\users\tank\dropbox\projects\vs projects\pegsolitaire\pegsolitaire\release\pegsolitaire.tlog\rc.write.1.tlog
