Build started 2014/10/27 2:40:25.
     1>Project "C:\Users\Tank\Dropbox\Projects\VS Projects\PegSolitaire\PegSolitaire\PegSolitaire.vcxproj" on node 2 (Rebuild target(s)).
     1>ClCompile:
         C:\Program Files (x86)\Microsoft Visual Studio 12.0\VC\bin\CL.exe /c /Zi /nologo /W3 /WX- /sdl /O2 /Oi /Oy- /GL /D WIN32 /D NDEBUG /D _CONSOLE /D _LIB /D _UNICODE /D UNICODE /Gm- /EHsc /MD /GS /Gy /fp:precise /Zc:wchar_t /Zc:forScope /Yc"stdafx.h" /Fp"Release\PegSolitaire.pch" /Fo"Release\\" /Fd"Release\vc120.pdb" /Gd /TP /analyze- /errorReport:prompt stdafx.cpp
         stdafx.cpp
         C:\Program Files (x86)\Microsoft Visual Studio 12.0\VC\bin\CL.exe /c /Zi /nologo /W3 /WX- /sdl /O2 /Oi /Oy- /GL /D WIN32 /D NDEBUG /D _CONSOLE /D _LIB /D _UNICODE /D UNICODE /Gm- /EHsc /MD /GS /Gy /fp:precise /Zc:wchar_t /Zc:forScope /Yu"stdafx.h" /Fp"Release\PegSolitaire.pch" /Fo"Release\\" /Fd"Release\vc120.pdb" /Gd /TP /analyze- /errorReport:prompt PegBoard.cpp PegSolitaire.cpp PegSolitaireGame.cpp TKFileHandler.cpp TKPagoda.cpp TKSparseMatrix.cpp
         PegBoard.cpp
         PegSolitaire.cpp
         PegSolitaireGame.cpp
         TKFileHandler.cpp
         TKPagoda.cpp
         TKSparseMatrix.cpp
       ResourceCompile:
         C:\Program Files (x86)\Windows Kits\8.1\bin\x86\rc.exe /D _UNICODE /D UNICODE /l"0x0409" /nologo /fo"Release\PegSolitaire.res" PegSolitaire.rc 
       Link:
         C:\Program Files (x86)\Microsoft Visual Studio 12.0\VC\bin\link.exe /ERRORREPORT:PROMPT /OUT:"C:\Users\Tank\Dropbox\Projects\VS Projects\PegSolitaire\Release\PegSolitaire.exe" /INCREMENTAL:NO /NOLOGO kernel32.lib user32.lib gdi32.lib winspool.lib comdlg32.lib advapi32.lib shell32.lib ole32.lib oleaut32.lib uuid.lib odbc32.lib odbccp32.lib /MANIFEST /MANIFESTUAC:"level='asInvoker' uiAccess='false'" /manifest:embed /DEBUG /PDB:"C:\Users\Tank\Dropbox\Projects\VS Projects\PegSolitaire\Release\PegSolitaire.pdb" /SUBSYSTEM:CONSOLE /OPT:REF /OPT:ICF /LTCG /TLBID:1 /DYNAMICBASE /NXCOMPAT /IMPLIB:"C:\Users\Tank\Dropbox\Projects\VS Projects\PegSolitaire\Release\PegSolitaire.lib" /MACHINE:X86 /SAFESEH Release\PegSolitaire.res
         Release\PegBoard.obj
         Release\PegSolitaire.obj
         Release\PegSolitaireGame.obj
         Release\stdafx.obj
         Release\TKFileHandler.obj
         Release\TKPagoda.obj
         Release\TKSparseMatrix.obj
         Generating code
         Finished generating code
         PegSolitaire.vcxproj -> C:\Users\Tank\Dropbox\Projects\VS Projects\PegSolitaire\Release\PegSolitaire.exe
     1>Done Building Project "C:\Users\Tank\Dropbox\Projects\VS Projects\PegSolitaire\PegSolitaire\PegSolitaire.vcxproj" (Rebuild target(s)).

Build succeeded.

Time Elapsed 00:00:03.73
